[debug] [2021-02-25T12:02:05.705Z] ----------------------------------------------------------------------
[debug] [2021-02-25T12:02:05.714Z] Command:       C:\Program Files\nodejs\node.exe C:\Users\Susmit\AppData\Roaming\npm\node_modules\firebase-tools\lib\bin\firebase.js init
[debug] [2021-02-25T12:02:05.715Z] CLI Version:   9.5.0
[debug] [2021-02-25T12:02:05.716Z] Platform:      win32
[debug] [2021-02-25T12:02:05.716Z] Node Version:  v12.16.1
[debug] [2021-02-25T12:02:05.724Z] Time:          Thu Feb 25 2021 17:32:05 GMT+0530 (India Standard Time)
[debug] [2021-02-25T12:02:05.724Z] ----------------------------------------------------------------------
[debug] [2021-02-25T12:02:05.725Z] 
[debug] [2021-02-25T12:02:05.737Z] >>> [apiv2][query] GET https://firebase-public.firebaseio.com/cli.json [none]
[debug] [2021-02-25T12:02:05.847Z] > command requires scopes: ["email","openid","https://www.googleapis.com/auth/cloudplatformprojects.readonly","https://www.googleapis.com/auth/firebase","https://www.googleapis.com/auth/cloud-platform"]
[debug] [2021-02-25T12:02:05.850Z] > authorizing via signed-in user
[info] 
     ######## #### ########  ######## ########     ###     ######  ########
     ##        ##  ##     ## ##       ##     ##  ##   ##  ##       ##
     ######    ##  ########  ######   ########  #########  ######  ######
     ##        ##  ##    ##  ##       ##     ## ##     ##       ## ##
     ##       #### ##     ## ######## ########  ##     ##  ######  ########

You're about to initialize a Firebase project in this directory:

  C:\Users\Susmit\Downloads\React Project\myapp

[info] 
=== Project Setup
[info] 
[info] First, let's associate this project directory with a Firebase project.
[info] You can create multiple project aliases by running firebase use --add, 
[info] but for now we'll just set up a default project.
[info] 
